20240706	16:50:29	a3c7caa9-82b3-4168-a251-058308533b5e	GET	/fragrances	undefined
20240706	16:51:32	68801ad6-e446-4564-b995-259a795a0d0d	GET	/fragrances	undefined
20240706	16:53:45	fcc419b2-1049-4373-89fe-b24296f918f5	GET	/api/fragrances	undefined
20240706	16:56:13	ee7e0b6a-61e2-446a-89a4-67f89703c562	POST	/api/fragrances	undefined
20240706	16:56:50	1f65f239-ace2-4f90-a803-c5e6fc463aab	GET	/api/fragrances	undefined
20240706	16:57:00	7e9bd928-8660-4313-aa45-6aeef88a3654	GET	/api/fragrances/6689cb8deaf9aea31eeb52ca	undefined
20240706	16:57:37	acef6301-f0c3-4707-bc08-4c8f30969590	GET	/api/fragrances/6689cb8deaf9aea31eeb52ca	undefined
20240706	16:57:42	c9c0254c-0749-4057-a8e0-83c183dd8054	DELETE	/api/fragrances/6689cb8deaf9aea31eeb52ca	undefined
20240706	16:57:49	fa8497e5-5318-4630-a10d-20fc7a145b67	POST	/api/fragrances/6689cb8deaf9aea31eeb52ca	undefined
20240706	16:57:56	80742a39-a681-4457-a722-cbe0baa41088	POST	/api/fragrances/	undefined
20240706	16:58:14	adf9454f-3158-4022-9fae-02a4cb2d3f2a	PATCH	/api/fragrances/6689cb8deaf9aea31eeb52ca	undefined
20240706	16:58:30	5dae32ca-d159-48d4-aebe-c043b4f584e2	PATCH	/api/fragrances/6689cb8deaf9aea31eeb52ca	undefined
20240706	16:58:39	9093bfcb-3389-41ea-95ee-304eeb0b1dc3	PATCH	/api/fragrances/6689cb8deaf9aea31eeb52ca	undefined
20240706	16:58:43	b95a8526-89f1-4c1a-8c16-95318857bd1b	PATCH	/api/fragrances/6689cb8deaf9aea31eeb52ca	undefined
20240706	16:58:49	ef2d3f04-932b-42c4-a444-2bfdf98f59b7	GET	/api/fragrances/6689cb8deaf9aea31eeb52ca	undefined
20240706	16:58:54	b2aceb30-3626-4a8c-9af4-185ce7f08394	GET	/api/fragrances/	undefined
20240706	16:59:06	4f80da92-9449-4ca5-b488-e90d9c6b091b	PATCH	/api/fragrances/6689cbf4eaf9aea31eeb52d2	undefined
20240706	17:48:43	d4122b31-f4b4-4b1b-83cf-34bf276ebc1a	PATCH	/api/fragrances/6689cbf4eaf9aea31eeb52d2	undefined
20240706	17:48:59	900d1ab8-e9b8-4407-9895-d063739119c8	PATCH	/api/fragrances/6689cbf4eaf9aea31eeb52d2	undefined
20240706	17:50:46	e3a7da15-fa01-4299-b48f-8433cf9ac18d	PATCH	/api/fragrances/6689cbf4eaf9aea31eeb52d2	undefined
20240706	17:51:15	36a68c22-fb0c-4e52-9256-6f7714a8e6a2	PATCH	/api/fragrances/6689cbf4eaf9aea31eeb52d2	undefined
20240706	17:51:42	68b4b739-7d3e-42d8-8ebc-a208a218339b	PATCH	/api/fragrances/6689cbf4eaf9aea31eeb52d2	undefined
20240706	17:52:10	d1803bd3-4691-4132-8393-a731b4c03b32	PATCH	/api/fragrances/6689cbf4eaf9aea31eeb52d2	undefined
20240706	17:54:07	753ab520-1bfb-40ab-85f7-764ea3cc32cc	PATCH	/api/fragrances/6689cbf4eaf9aea31eeb52d2	undefined
20240706	17:54:33	a5f5749d-496f-48fc-851e-c7e467a9190d	PATCH	/api/fragrances/6689cbf4eaf9aea31eeb52d2	undefined
20240706	17:57:12	961a1209-967a-4239-ad36-487b7233e4de	PATCH	/api/fragrances/6689cbf4eaf9aea31eeb52d2	undefined
20240707	11:29:52	3efc2193-ccca-4d69-8bf9-05b64766626d	GET	/api/fragrances/	undefined
20240707	11:31:08	f389b908-224b-4c82-9907-522712fe4c6b	POST	/api/fragrances/	undefined
20240707	11:31:17	3f0cb029-8edc-4b7e-911d-ac3ed45fdbc7	GET	/api/fragrances/	undefined
20240707	11:31:33	7d46f642-20df-42da-a054-27e70ad0e540	GET	/api/fragrances/668ad0dc2f60a93efb988370	undefined
20240707	11:31:49	aa004cac-d054-43fc-b333-82f1422ea01e	PATCH	/api/fragrances/668ad0dc2f60a93efb988370	undefined
20240707	11:32:02	ff7dc14c-4033-4666-ab8e-60f1b3c13d96	DELETE	/api/fragrances/668ad0dc2f60a93efb988370	undefined
20240707	11:32:09	18411ff2-1cfe-488c-8814-f5d838aad0ef	GET	/api/fragrances/668ad0dc2f60a93efb988370	undefined
20240707	11:32:14	6e3e75fe-6dc1-4e58-b51a-453e7a6bc66d	GET	/api/fragrances	undefined
20240707	14:31:13	2ddabbc1-0d92-40fa-a641-767dc6170c2a	GET	/	undefined
20240707	14:31:13	071472ab-2994-4b01-b215-42ade3e1ed8a	GET	/static/js/main.d80a2b3b.js	undefined
20240707	14:31:13	25ad8d6f-6320-45e9-8c49-a89676cdf8dc	GET	/static/css/main.026aefe6.css	undefined
20240707	14:31:13	dac126c9-b2dd-442d-ba8f-c22c79e73140	GET	/manifest.json	undefined
20240707	14:31:13	9a244ea5-1fc1-4e39-b79a-148012ee9e02	GET	/monday.png	undefined
20240707	14:37:02	8b8c86ec-3da3-49cb-853a-c8715d01ee6c	GET	/api/fragrances	undefined
20240707	14:40:27	4518a0a7-d104-4114-9a1b-e87c0dfc8e5e	OPTIONS	/api/fragrances	http://localhost:8301
20240707	14:40:34	41d507e8-e46b-4ac1-9d16-719eb53954af	OPTIONS	/api/fragrances	http://localhost:8301
20240707	14:40:34	8322563a-77cc-4017-8ec1-7bec64ea20b7	OPTIONS	/api/fragrances	http://localhost:8301
20240707	14:41:14	e62dbe8a-ba8d-4e5d-9c61-9bd922e091c9	OPTIONS	/api/fragrances	http://localhost:8301
20240707	14:41:14	55d222cb-6785-4137-baeb-09f1dcd70052	GET	/api/fragrances	http://localhost:8301
20240707	14:41:14	4e978794-b804-4a29-a733-a52175e4a81c	OPTIONS	/api/fragrances	http://localhost:8301
20240707	14:41:14	973f6c51-c1be-4337-bb6e-ae1ebda91144	GET	/api/fragrances	http://localhost:8301
20240707	14:41:22	0ad0dc02-cfa3-402e-9a26-7b8f8edc2038	OPTIONS	/api/fragrances	http://localhost:8301
20240707	14:41:22	1f709be7-b502-4512-a324-f0d58fef068c	OPTIONS	/api/fragrances	http://localhost:8301
20240707	14:41:22	015064e1-f25a-4fb2-9383-9b968d9ef6e7	GET	/api/fragrances	http://localhost:8301
20240707	14:41:22	cb78d300-4c24-4852-8ab7-3d8255dccedf	GET	/api/fragrances	http://localhost:8301
20240707	14:41:49	0644b1fb-cc9d-4c2d-9eb6-2bb97eb77d99	OPTIONS	/api/fragrances	http://localhost:8301
20240707	14:41:49	1fdcdb6f-1057-4659-9b1a-3a0dcd70cdca	GET	/api/fragrances	http://localhost:8301
20240707	14:42:36	6d66ae95-bb2b-49db-9245-f613b500816a	OPTIONS	/api/fragrances	http://localhost:8301
20240707	14:42:36	83cf6c09-228f-4464-a520-e529b986ba2e	GET	/api/fragrances	http://localhost:8301
20240707	14:43:20	9372b0e9-a54e-4f07-b4c8-e3283daf5f06	OPTIONS	/api/fragrances?page=1&limit=20	http://localhost:8301
20240707	14:43:20	6ad5009b-8f54-4d99-9ed1-8bdf5fb64ffd	GET	/api/fragrances?page=1&limit=20	http://localhost:8301
20240707	14:44:19	554c687e-dc75-426c-8e8b-2c310feadd2f	OPTIONS	/api/fragrances?page=1&limit=20	http://localhost:8301
20240707	14:44:19	92a9f310-e920-411c-87a1-e25dd3d51311	GET	/api/fragrances?page=1&limit=20	http://localhost:8301
20240707	14:46:02	4144a243-d5b9-44be-89bb-46c5a3403398	OPTIONS	/api/fragrances?page=1&limit=20	http://localhost:8301
20240707	14:46:02	c0f3e943-47b3-48d6-987f-a44dd97756ac	OPTIONS	/api/fragrances?page=1&limit=20	http://localhost:8301
20240707	14:46:02	457859cf-9ba8-47f9-b74c-b445bf8f23c0	GET	/api/fragrances?page=1&limit=20	http://localhost:8301
20240707	14:46:02	ed9337c8-60f1-4011-9e02-107a0f14d372	GET	/api/fragrances?page=1&limit=20	http://localhost:8301
20240707	14:46:24	581ce6e4-f9fa-4412-aaf9-70538c8101c2	OPTIONS	/api/fragrances?page=1&limit=20	http://localhost:8301
20240707	14:46:24	8f64ac8d-9b71-41e6-bb00-90ff55ab596f	OPTIONS	/api/fragrances?page=1&limit=20	http://localhost:8301
20240707	14:46:24	9adcc6eb-0e07-49ad-abf6-29f1df663b9e	GET	/api/fragrances?page=1&limit=20	http://localhost:8301
20240707	14:46:25	040974b3-e30c-4db5-a849-cebfabd8c053	GET	/api/fragrances?page=1&limit=20	http://localhost:8301
20240707	14:47:45	d13fcd82-ab27-4b0c-b74f-86ecdfb401c4	OPTIONS	/api/fragrances?page=1&limit=20	http://localhost:8301
20240707	14:47:45	d1abe32b-2d96-4bef-8fe7-0cf89e2bc850	OPTIONS	/api/fragrances?page=1&limit=20	http://localhost:8301
20240707	14:47:45	2920b261-d1a1-43e1-bd58-8e11064e7418	GET	/api/fragrances?page=1&limit=20	http://localhost:8301
20240707	14:47:45	c3dfbf7a-b247-446e-ab33-316a50781482	GET	/api/fragrances?page=1&limit=20	http://localhost:8301
20240707	14:48:18	64e2c5bf-f973-4487-a563-4a0d372b5106	OPTIONS	/api/fragrances?page=1&limit=20	http://localhost:8301
20240707	14:48:18	2ec783e1-8818-4025-8d15-f0d99a757d99	GET	/api/fragrances?page=1&limit=20	http://localhost:8301
20240707	14:50:00	83e46334-da28-451b-9133-42d97c7ce636	OPTIONS	/api/fragrances?page=1&limit=20	http://localhost:8301
20240707	14:50:00	f8e4264b-4f57-48f8-ac8d-7ce30085bc9d	GET	/api/fragrances?page=1&limit=20	http://localhost:8301
20240707	14:50:21	240950e6-d8eb-4b9a-9217-0a0fe4e47cac	OPTIONS	/api/fragrances?page=1&limit=20	http://localhost:8301
20240707	14:50:21	31ccf89f-691b-45e3-b69d-477d004e4101	GET	/api/fragrances?page=1&limit=20	http://localhost:8301
20240707	15:03:52	3c9a8b47-751c-43b1-a859-4ac233cf0673	OPTIONS	/api/fragrances?page=1&limit=20	http://localhost:8301
20240707	15:03:52	cbc3d48f-e849-4e20-a8ad-082fc7be8267	OPTIONS	/api/fragrances?page=1&limit=20	http://localhost:8301
20240707	15:03:52	88e41595-16fc-4e84-91df-377a4e86792c	OPTIONS	/api/fragrances?page=1&limit=20	http://localhost:8301
20240707	15:03:52	a52cf80f-58af-4ca6-9393-efb7ccf5e977	GET	/api/fragrances?page=1&limit=20	http://localhost:8301
20240707	15:03:52	b0b68348-22a0-4e96-94f5-4375476ccc51	OPTIONS	/api/fragrances?page=1&limit=20	http://localhost:8301
20240707	15:03:52	467841f7-111c-4feb-b1b6-b07528c5060e	GET	/api/fragrances?page=1&limit=20	http://localhost:8301
20240707	15:03:53	9151c2c5-059e-4ad2-94eb-29a01a3bde34	GET	/api/fragrances?page=1&limit=20	http://localhost:8301
20240707	15:03:53	cd741348-86a3-483e-bedf-7ecf38cbc72d	GET	/api/fragrances?page=1&limit=20	http://localhost:8301
20240707	15:04:46	9944215f-aaa5-470b-9cc9-124327fb1efd	OPTIONS	/api/fragrances?page=1&limit=20	http://localhost:8301
20240707	15:04:46	08f71ec0-9ed3-474e-a194-105b4e853280	OPTIONS	/api/fragrances?page=1&limit=20	http://localhost:8301
20240707	15:04:46	2153fbdd-740a-454e-ab60-af6804d4dd96	GET	/api/fragrances?page=1&limit=20	http://localhost:8301
20240707	15:04:46	56411b82-4a43-4785-bbf9-693aab7b6dd8	OPTIONS	/api/fragrances?page=1&limit=20	http://localhost:8301
20240707	15:04:46	afb305f1-7db2-4c9d-8d4f-a8a4df427a16	OPTIONS	/api/fragrances?page=1&limit=20	http://localhost:8301
20240707	15:04:46	3a8f8d72-e823-463d-ad78-97f16720d14e	GET	/api/fragrances?page=1&limit=20	http://localhost:8301
20240707	15:04:46	401d4620-408d-411c-8419-99434fdf702d	GET	/api/fragrances?page=1&limit=20	http://localhost:8301
20240707	15:04:46	b7bc6e27-e096-4b0e-aaac-a369266237bc	GET	/api/fragrances?page=1&limit=20	http://localhost:8301
20240707	15:05:18	daf47d1b-8df1-421a-a1dc-84977287bc36	OPTIONS	/api/fragrances/6689cbf4eaf9aea31eeb52d2	http://localhost:8301
20240707	15:05:18	2b108240-6823-4a17-abde-2cdaff5062d6	PATCH	/api/fragrances/6689cbf4eaf9aea31eeb52d2	http://localhost:8301
20240707	15:07:56	560ced9b-cf14-4549-bf31-357c64f2bc83	OPTIONS	/api/fragrances?page=1&limit=20	http://localhost:8301
20240707	15:07:56	cc00052e-3468-4924-b53a-e641c64d3189	OPTIONS	/api/fragrances?page=1&limit=20	http://localhost:8301
20240707	15:07:56	b9d40760-8873-4d32-9128-c83fa1d1e20a	OPTIONS	/api/fragrances?page=1&limit=20	http://localhost:8301
20240707	15:07:56	df000022-5c19-4e80-86d5-c26ae475ac28	GET	/api/fragrances?page=1&limit=20	http://localhost:8301
20240707	15:07:56	40e34ae8-50d8-4a08-b9c8-9454fb64e8fc	OPTIONS	/api/fragrances?page=1&limit=20	http://localhost:8301
20240707	15:07:56	00387559-4047-4d82-8096-bef17ff30233	GET	/api/fragrances?page=1&limit=20	http://localhost:8301
20240707	15:07:56	53db949a-b17f-4711-a748-db33812ca718	GET	/api/fragrances?page=1&limit=20	http://localhost:8301
20240707	15:07:56	68e62ae6-4811-4e19-afdf-f20ace716f97	GET	/api/fragrances?page=1&limit=20	http://localhost:8301
20240707	15:09:44	9675f364-c282-4170-9c78-0caf8628c94a	OPTIONS	/api/fragrances?page=1&limit=20	http://localhost:8301
20240707	15:09:44	12966478-22a9-4cdd-b1f5-e838e7fc9bcd	OPTIONS	/api/fragrances?page=1&limit=20	http://localhost:8301
20240707	15:09:44	1f1a3f84-95c8-4c31-88a7-3e703aab7301	OPTIONS	/api/fragrances?page=1&limit=20	http://localhost:8301
20240707	15:09:44	367f925b-b621-47da-8227-3f6e70f6c6d5	GET	/api/fragrances?page=1&limit=20	http://localhost:8301
20240707	15:09:44	c0ab4a1b-0d11-4fce-a76e-3276bdb45cf4	OPTIONS	/api/fragrances?page=1&limit=20	http://localhost:8301
20240707	15:09:44	cb2bf6e7-a55f-438d-a30b-1191a39f9570	GET	/api/fragrances?page=1&limit=20	http://localhost:8301
20240707	15:09:44	f58f57e6-0bcf-4dd0-821b-530a289c3b89	GET	/api/fragrances?page=1&limit=20	http://localhost:8301
20240707	15:09:44	3cc43035-9260-4c5a-9149-083593fea040	GET	/api/fragrances?page=1&limit=20	http://localhost:8301
20240707	15:12:00	10f5d033-6ef3-4821-92b7-975775b9fa2a	OPTIONS	/api/fragrances?page=1&limit=20	http://localhost:8301
20240707	15:12:00	a71ccdf9-2332-49ee-bd96-507d7b4d3d89	OPTIONS	/api/fragrances?page=1&limit=20	http://localhost:8301
20240707	15:12:00	472085b2-5ec6-45a7-8310-ecaaad7cfa8b	GET	/api/fragrances?page=1&limit=20	http://localhost:8301
20240707	15:12:00	1e77d79d-04c9-4249-bd0f-358d44cca8a5	OPTIONS	/api/fragrances?page=1&limit=20	http://localhost:8301
20240707	15:12:00	ac90c292-a11c-491d-987c-298ef123f5d4	OPTIONS	/api/fragrances?page=1&limit=20	http://localhost:8301
20240707	15:12:00	eeb29a61-9664-41e5-b6ff-98f25b0762f2	GET	/api/fragrances?page=1&limit=20	http://localhost:8301
20240707	15:12:00	3002e674-27e1-4518-9d65-e6b20a78309f	GET	/api/fragrances?page=1&limit=20	http://localhost:8301
20240707	15:12:01	0ba06ff4-e0d7-4648-a509-81987256e6e6	GET	/api/fragrances?page=1&limit=20	http://localhost:8301
20240707	15:17:53	673e41e5-731e-45bd-bc25-e4ee36bab61f	OPTIONS	/api/fragrances?page=1&limit=20	http://localhost:8301
20240707	15:17:53	f89e9d54-1495-4c47-b827-e706bef0c308	OPTIONS	/api/fragrances?page=1&limit=20	http://localhost:8301
20240707	15:17:53	674b930c-ea72-4510-947c-6270aaf748bb	GET	/api/fragrances?page=1&limit=20	http://localhost:8301
20240707	15:17:53	4f44822c-0889-4477-85af-546c82db8fcf	OPTIONS	/api/fragrances?page=1&limit=20	http://localhost:8301
20240707	15:17:53	77ead128-d2d5-4440-bbc0-fe7bf3290e34	OPTIONS	/api/fragrances?page=1&limit=20	http://localhost:8301
20240707	15:17:53	3ef34eaf-5442-4644-8f1f-fa67cc14a2f1	GET	/api/fragrances?page=1&limit=20	http://localhost:8301
20240707	15:17:53	e71dda28-3acf-4dd6-96e7-249a0e76441c	GET	/api/fragrances?page=1&limit=20	http://localhost:8301
20240707	15:17:53	f7ed75ac-eafc-483e-9426-36ced7f5695f	GET	/api/fragrances?page=1&limit=20	http://localhost:8301
20240707	15:24:16	e8ccadc4-8cc0-4ac1-8bb4-e535da3319fa	OPTIONS	/api/fragrances?page=1&limit=20	http://localhost:8301
20240707	15:24:16	90f4b29f-35de-4b93-a9f7-e02192a37689	OPTIONS	/api/fragrances?page=1&limit=20	http://localhost:8301
20240707	15:24:16	39a2895c-da57-4f0d-a918-b6fff90cd2c3	GET	/api/fragrances?page=1&limit=20	http://localhost:8301
20240707	15:24:16	62bf1cfb-e502-4cd1-b4fb-757561124f68	OPTIONS	/api/fragrances?page=1&limit=20	http://localhost:8301
20240707	15:24:16	fe406df4-f6d3-4035-be9c-dd5876008211	GET	/api/fragrances?page=1&limit=20	http://localhost:8301
20240707	15:24:16	e99f3fee-dac9-408e-97c2-089816020e8f	GET	/api/fragrances?page=1&limit=20	http://localhost:8301
20240707	15:24:16	6b83da3c-b4a5-41da-be27-68121c648b62	GET	/api/fragrances?page=1&limit=20	http://localhost:8301
20240707	15:24:16	1c07b3d0-9f3e-4d3e-b353-9a5373abce04	GET	/api/fragrances?page=1&limit=20	http://localhost:8301
20240707	15:24:16	59cc57ef-7ab4-4ffc-8218-8b4588e42e2f	GET	/api/fragrances?page=1&limit=20	http://localhost:8301
20240707	15:24:25	1f2f4392-a310-4d4f-87b7-c68e963271fa	OPTIONS	/api/fragrances?page=1&limit=20	http://localhost:8301
20240707	15:24:25	49ce104f-2ec5-4d2d-bf66-76e91872fea3	OPTIONS	/api/fragrances?page=1&limit=20	http://localhost:8301
20240707	15:24:25	f308433e-3879-448c-ac67-9b1f016c1592	OPTIONS	/api/fragrances?page=1&limit=20	http://localhost:8301
20240707	15:24:25	b1ba48cc-9dde-460c-9a9f-65bfd1b682ca	GET	/api/fragrances?page=1&limit=20	http://localhost:8301
20240707	15:24:25	fd4fd164-a8be-450c-b294-fc312df9aedf	GET	/api/fragrances?page=1&limit=20	http://localhost:8301
20240707	15:24:25	1f221e8b-4bc8-469f-9cc9-a909b63829ee	GET	/api/fragrances?page=1&limit=20	http://localhost:8301
20240707	15:24:25	7bed3950-b652-4be8-b01d-5f04a9b94c86	GET	/api/fragrances?page=1&limit=20	http://localhost:8301
20240707	15:24:25	5a0f769b-c34c-4701-8069-734a19fe7928	GET	/api/fragrances?page=1&limit=20	http://localhost:8301
20240707	15:24:25	334cb1b1-e3ce-4972-8b7c-a67c804c6abe	GET	/api/fragrances?page=1&limit=20	http://localhost:8301
20240707	15:27:05	066841e1-f52a-4d15-9453-d5baa2bbf345	OPTIONS	/api/fragrances?page=1&limit=20	http://localhost:8301
20240707	15:27:05	4f1ff017-57a5-4494-a7d8-5291fc1f3072	GET	/api/fragrances?page=1&limit=20	http://localhost:8301
20240707	15:27:05	7be87e50-250e-4d7d-9d9a-60f0ff05531a	GET	/api/fragrances?page=1&limit=20	http://localhost:8301
20240707	15:29:04	fda1c81a-ef5a-4bca-8441-c54d2582b8f2	OPTIONS	/api/fragrances?page=1&limit=20	http://localhost:8301
20240707	15:29:04	c8b20fa4-393c-48a1-b0ff-d5b0d34c9f37	OPTIONS	/api/fragrances?page=1&limit=20	http://localhost:8301
20240707	15:29:04	d8ec0e84-ea14-47c3-9b00-a395be5a041e	OPTIONS	/api/fragrances?page=1&limit=20	http://localhost:8301
20240707	15:29:04	d756a5be-592f-4907-8fd1-1d15406bf258	GET	/api/fragrances?page=1&limit=20	http://localhost:8301
20240707	15:29:04	0c1547d4-78ea-4a9d-becc-4534f5fd3f02	OPTIONS	/api/fragrances?page=1&limit=20	http://localhost:8301
20240707	15:29:04	195129e5-3935-4274-83f5-3527651290c8	GET	/api/fragrances?page=1&limit=20	http://localhost:8301
20240707	15:29:04	84092626-b7bc-4507-b90d-2fe4fbe5de3b	GET	/api/fragrances?page=1&limit=20	http://localhost:8301
20240707	15:29:04	1ed8dc16-2244-416f-857c-1ee0feeb1e92	GET	/api/fragrances?page=1&limit=20	http://localhost:8301
20240707	15:29:09	dad0d9de-e0af-46ac-93b9-19aea561720d	OPTIONS	/api/fragrances?page=1&limit=20	http://localhost:8301
20240707	15:29:09	e276bfe1-1830-40ac-a762-58b51e957a32	OPTIONS	/api/fragrances?page=1&limit=20	http://localhost:8301
20240707	15:29:09	f58d1720-df6e-4858-afec-71fb1401fb36	GET	/api/fragrances?page=1&limit=20	http://localhost:8301
20240707	15:29:09	bd3c5748-74fd-456f-af3e-f19c725e1a17	GET	/api/fragrances?page=1&limit=20	http://localhost:8301
20240707	15:29:35	4f08c936-3cfe-468d-9f29-e42c1db85c02	OPTIONS	/api/fragrances	http://localhost:8301
20240707	15:29:35	2964b6e5-d6ee-4df5-a539-faf455ddd79d	POST	/api/fragrances	http://localhost:8301
20240707	15:29:40	4b4b6431-ee20-4c9a-9cb3-af125edfa3fa	OPTIONS	/api/fragrances?page=[object%20Object]&limit=20	http://localhost:8301
20240707	15:29:40	4caa53a1-0c0f-4067-b085-6b8926250838	GET	/api/fragrances?page=[object%20Object]&limit=20	http://localhost:8301
20240707	15:31:57	bb4ba28a-a63a-44df-afdd-56597f310bae	OPTIONS	/api/fragrances	http://localhost:8301
20240707	15:31:57	899f033f-c719-441d-bae9-5bcde6cee567	OPTIONS	/api/fragrances?page=1&limit=20	http://localhost:8301
20240707	15:31:57	867fe1eb-ae92-4e4f-b4c6-9ad8bf4f8564	POST	/api/fragrances	http://localhost:8301
20240707	15:31:57	71e19c45-1572-4954-960a-8584121ad774	GET	/api/fragrances?page=1&limit=20	http://localhost:8301
20240707	15:32:00	18a49c23-108f-43f7-a4da-f9db65d4d804	OPTIONS	/api/fragrances/668b094d13f8a0be9833b2a0	http://localhost:8301
20240707	15:32:00	bd145986-dab7-48e9-b818-54d2000a7513	DELETE	/api/fragrances/668b094d13f8a0be9833b2a0	http://localhost:8301
20240707	15:32:00	dcdc3517-fa11-4b70-9306-632878872b7f	GET	/api/fragrances?page=1&limit=20	http://localhost:8301
20240707	15:32:06	ac354750-2e41-4977-be3f-ea82657bec20	OPTIONS	/api/fragrances?page=1&limit=20	http://localhost:8301
20240707	15:32:06	13a82b2b-d9dc-4fe3-acf1-3385e8dd513e	OPTIONS	/api/fragrances?page=1&limit=20	http://localhost:8301
20240707	15:32:06	ef61a319-d01a-481d-b407-964d3a6c5785	OPTIONS	/api/fragrances?page=1&limit=20	http://localhost:8301
20240707	15:32:06	df3f8638-d74b-4a53-9512-08cfcf97898f	GET	/api/fragrances?page=1&limit=20	http://localhost:8301
20240707	15:32:06	d328cccb-db79-4b1b-9245-4a7af569ee0d	OPTIONS	/api/fragrances?page=1&limit=20	http://localhost:8301
20240707	15:32:06	b0a74817-9328-4987-8278-fdc566562df3	GET	/api/fragrances?page=1&limit=20	http://localhost:8301
20240707	15:32:06	290802f1-b028-42a9-b1d3-f2959bd4feb1	GET	/api/fragrances?page=1&limit=20	http://localhost:8301
20240707	15:32:06	6addc958-6410-4ecb-ab44-1cab967168ac	GET	/api/fragrances?page=1&limit=20	http://localhost:8301
20240707	15:32:17	0f5727eb-7f19-4742-a8a3-29439a0701fb	OPTIONS	/api/fragrances	http://localhost:8301
20240707	15:32:17	cc101a7a-8089-4316-b073-39924b8e299f	OPTIONS	/api/fragrances?page=1&limit=20	http://localhost:8301
20240707	15:32:17	f16742e2-a391-4e61-ae39-e34452c57b8d	POST	/api/fragrances	http://localhost:8301
20240707	15:32:17	f633beae-bcee-4d94-9029-41209e21fd6b	GET	/api/fragrances?page=1&limit=20	http://localhost:8301
20240707	15:32:23	35caf620-81c6-4b7f-ad9a-3330e3e8c4c5	OPTIONS	/api/fragrances	http://localhost:8301
20240707	15:32:23	21a77eae-9cf0-4913-9516-cba4ae59b702	OPTIONS	/api/fragrances?page=1&limit=20	http://localhost:8301
20240707	15:32:23	040341f1-d7e1-4391-91c7-7b246f774cb7	POST	/api/fragrances	http://localhost:8301
20240707	15:32:23	5614ed4c-fc5d-42ae-b270-06943e168c5a	GET	/api/fragrances?page=1&limit=20	http://localhost:8301
20240707	15:32:27	6fba68cd-6a8f-4f77-860b-a9c77a6ce5a3	GET	/api/fragrances?page=1&limit=20	http://localhost:8301
20240707	15:32:27	508909f7-4975-4124-bca2-880b178cc7ef	GET	/api/fragrances?page=1&limit=20	http://localhost:8301
20240707	15:32:27	4ad49f04-38be-4d2a-b636-f6c0de8a8cc7	GET	/api/fragrances?page=1&limit=20	http://localhost:8301
20240707	15:32:27	3d640a3c-514d-4510-afbf-833086906b18	GET	/api/fragrances?page=1&limit=20	http://localhost:8301
20240707	15:32:40	83a591bf-3c38-4c1f-a7e8-13bec794872a	OPTIONS	/api/fragrances/668b08bf13f8a0be9833b29a	http://localhost:8301
20240707	15:32:40	61c95849-0c83-4d0d-b793-493ff2f47fc9	OPTIONS	/api/fragrances?page=1&limit=20	http://localhost:8301
20240707	15:32:40	84603861-3583-455e-b88d-5c94b0c25551	PATCH	/api/fragrances/668b08bf13f8a0be9833b29a	http://localhost:8301
20240707	15:32:40	5a14f99a-d7f0-4d0d-9481-4438db7c5ab1	GET	/api/fragrances?page=1&limit=20	http://localhost:8301
20240707	15:33:07	922599f0-5cd6-413a-81d2-237d47fe7aed	OPTIONS	/api/fragrances?page=1&limit=20	http://localhost:8301
20240707	15:33:07	6ad6a646-1033-44b5-bbcb-671b7fc9b888	OPTIONS	/api/fragrances?page=1&limit=20	http://localhost:8301
20240707	15:33:07	9c329c9f-0bf1-4b1c-9ea5-bee31eceefce	GET	/api/fragrances?page=1&limit=20	http://localhost:8301
20240707	15:33:07	a86560f6-db7e-4e2c-aa1f-fcef8ab75881	OPTIONS	/api/fragrances?page=1&limit=20	http://localhost:8301
20240707	15:33:07	056d8f20-ae76-4c46-8766-0e8aad06c179	OPTIONS	/api/fragrances?page=1&limit=20	http://localhost:8301
20240707	15:33:07	b5669540-9084-426b-88c3-87516968e342	GET	/api/fragrances?page=1&limit=20	http://localhost:8301
20240707	15:33:07	ae5206e0-aa9f-488b-bc33-d2ddacde8d2a	GET	/api/fragrances?page=1&limit=20	http://localhost:8301
20240707	15:33:07	fa77f4ca-f2c0-4037-8aab-d1677c004970	GET	/api/fragrances?page=1&limit=20	http://localhost:8301
20240707	15:37:27	2d958fa8-eab4-4222-89ee-a1e8755d5930	OPTIONS	/api/fragrances?page=1&limit=20	http://localhost:8301
20240707	15:37:27	f5a1a49e-9640-46a5-859b-39103953c2cd	GET	/api/fragrances?page=1&limit=20	http://localhost:8301
20240707	15:37:27	7b9d3280-4af5-418a-83fe-509c41b939a2	OPTIONS	/api/fragrances?page=1&limit=20	http://localhost:8301
20240707	15:37:27	dfed4dd0-11c9-405e-8e09-669b5458064e	GET	/api/fragrances?page=1&limit=20	http://localhost:8301
20240707	15:37:34	decb9bf2-bf4f-410f-8584-2260bd876212	OPTIONS	/api/fragrances	http://localhost:8301
20240707	15:37:34	5719a375-30b7-4330-aff4-c5a2fe30395e	POST	/api/fragrances	http://localhost:8301
20240707	15:43:51	a56abe41-effe-49a9-b741-fcecb3f782c2	OPTIONS	/api/fragrances?page=1&limit=20	http://localhost:8301
20240707	15:43:51	fb9656d8-bcda-42d9-8e98-71f3208ec9ee	OPTIONS	/api/fragrances?page=1&limit=20	http://localhost:8301
20240707	15:43:51	a71436a2-7116-40b8-abfa-a6ffe067336c	GET	/api/fragrances?page=1&limit=20	http://localhost:8301
20240707	15:43:51	c25e3f68-1ecf-46d8-b602-5daa3491f0c3	GET	/api/fragrances?page=1&limit=20	http://localhost:8301
20240707	15:43:57	a4cc82be-b793-4bac-b8c5-559207857d4f	OPTIONS	/api/fragrances/6689cbf4eaf9aea31eeb52d2	http://localhost:8301
20240707	15:43:57	ba51bd93-c43d-40c8-9612-d28359e5b2d7	DELETE	/api/fragrances/6689cbf4eaf9aea31eeb52d2	http://localhost:8301
20240707	15:44:12	53908f0c-3e50-4119-9720-fe2472cf4127	OPTIONS	/api/fragrances/668b08bf13f8a0be9833b29a	http://localhost:8301
20240707	15:44:12	62cab860-ea1e-4c40-b60f-a10b54551603	PATCH	/api/fragrances/668b08bf13f8a0be9833b29a	http://localhost:8301
20240707	15:44:28	07cb928b-05ce-4940-b74c-851bc2036bcd	OPTIONS	/api/fragrances/668b0a9e13f8a0be9833b2cf	http://localhost:8301
20240707	15:44:28	3668e44b-085f-42cf-bb47-bbf5f638b848	DELETE	/api/fragrances/668b0a9e13f8a0be9833b2cf	http://localhost:8301
20240707	15:44:31	b62c85de-7f52-41ea-8d3b-10c41bd42b35	OPTIONS	/api/fragrances?page=1&limit=20	http://localhost:8301
20240707	15:44:31	b712296e-479f-42f8-b936-0ed14e435f9a	OPTIONS	/api/fragrances?page=1&limit=20	http://localhost:8301
20240707	15:44:31	9e1f3654-57a1-45cb-b783-d473644e38d1	OPTIONS	/api/fragrances?page=1&limit=20	http://localhost:8301
20240707	15:44:31	c306aee5-5989-4970-9b07-70047b7101c2	OPTIONS	/api/fragrances?page=1&limit=20	http://localhost:8301
20240707	15:44:31	489a99b2-17fc-4d8b-8816-510ce089e346	GET	/api/fragrances?page=1&limit=20	http://localhost:8301
20240707	15:44:31	c03dd280-b9f0-4baf-8959-0b104a00269c	GET	/api/fragrances?page=1&limit=20	http://localhost:8301
20240707	15:44:31	8760405a-7970-4646-a3e1-141d4b3f64ad	GET	/api/fragrances?page=1&limit=20	http://localhost:8301
20240707	15:44:31	e0c4beb6-cd65-49f7-86be-6b886e51ef81	GET	/api/fragrances?page=1&limit=20	http://localhost:8301
20240707	15:44:34	5a6cc9d2-c358-4954-bab8-8d3f905f47af	OPTIONS	/api/fragrances/668b08bf13f8a0be9833b29a	http://localhost:8301
20240707	15:44:34	b62e6708-fb9b-4397-b464-b498c03e46db	DELETE	/api/fragrances/668b08bf13f8a0be9833b29a	http://localhost:8301
20240707	15:44:38	25d73bdd-03b8-4656-bb92-41a0e4dc1812	OPTIONS	/api/fragrances	http://localhost:8301
20240707	15:44:38	7f5e43d1-9523-4061-bf33-bef29a9f70e6	POST	/api/fragrances	http://localhost:8301
20240707	15:44:48	ea158adc-037a-4a90-868e-36236a002bdc	OPTIONS	/api/fragrances?page=1&limit=20	http://localhost:8301
20240707	15:44:48	277fd96a-d200-4220-b3fe-70200faeaad7	OPTIONS	/api/fragrances?page=1&limit=20	http://localhost:8301
20240707	15:44:48	8386937b-73d7-4f1b-93c5-75118c776daa	OPTIONS	/api/fragrances?page=1&limit=20	http://localhost:8301
20240707	15:44:48	4fe3b8ec-6b1f-4ee1-9f83-03b8c43bfcf4	GET	/api/fragrances?page=1&limit=20	http://localhost:8301
20240707	15:44:48	d5ea9387-9c73-4641-898b-c49ba90cc59f	OPTIONS	/api/fragrances?page=1&limit=20	http://localhost:8301
20240707	15:44:48	9e0b8c5e-a5d4-4a69-bcf0-b902885caebc	GET	/api/fragrances?page=1&limit=20	http://localhost:8301
20240707	15:44:48	528d0fd6-a4eb-4606-b872-9392bf7b1baf	GET	/api/fragrances?page=1&limit=20	http://localhost:8301
20240707	15:44:48	a28dbdcb-d5f7-4559-a83d-d4e41299c4b1	GET	/api/fragrances?page=1&limit=20	http://localhost:8301
20240707	15:44:54	95e233d2-ed2f-4692-8e0f-06b54d5ea088	OPTIONS	/api/fragrances	http://localhost:8301
20240707	15:44:54	2e3b2f8f-2681-4980-b19b-44a2a7658c17	POST	/api/fragrances	http://localhost:8301
20240707	15:44:58	0ea70ad5-1b37-4def-8fbf-763bdd99e8f4	POST	/api/fragrances	http://localhost:8301
20240707	15:45:42	55591187-d474-4732-8569-3d376314ed8a	OPTIONS	/api/fragrances	http://localhost:8301
20240707	15:45:42	1c41a10f-94b0-4e51-a5a5-8c318575a89b	POST	/api/fragrances	http://localhost:8301
20240707	15:47:10	3deb2103-64da-4cc0-aa81-de679a7dfaac	OPTIONS	/api/fragrances?page=1&limit=20	http://localhost:8301
20240707	15:47:10	a02ff901-9c44-456b-9888-fd84dff986c1	GET	/api/fragrances?page=1&limit=20	http://localhost:8301
20240707	15:47:10	3fff2be0-45ae-41b4-96ec-6a0e55107818	OPTIONS	/api/fragrances?page=1&limit=20	http://localhost:8301
20240707	15:47:10	402994e3-e08c-4013-b62a-b3ac9fe1a23a	OPTIONS	/api/fragrances?page=1&limit=20	http://localhost:8301
20240707	15:47:10	49619065-4cd6-40a1-88ee-70b384aab03d	OPTIONS	/api/fragrances?page=1&limit=20	http://localhost:8301
20240707	15:47:10	25df6138-2880-4838-b1b6-44ee3e0b45fb	GET	/api/fragrances?page=1&limit=20	http://localhost:8301
20240707	15:47:11	33dc28d1-91fc-400c-a286-c286649da85b	GET	/api/fragrances?page=1&limit=20	http://localhost:8301
20240707	15:47:11	b22ff25d-c791-4a8e-95c4-bbf37070108d	GET	/api/fragrances?page=1&limit=20	http://localhost:8301
20240707	15:48:09	5d30b48e-080a-486c-ad0f-ac65c5d0f2b3	OPTIONS	/api/fragrances	http://localhost:8301
20240707	15:48:09	352f8c93-aa84-4a6d-92db-3265556e57e7	POST	/api/fragrances	http://localhost:8301
20240707	15:48:27	dcfd0ab3-270e-4258-96ec-8cd1efb0cb4e	OPTIONS	/api/fragrances	http://localhost:8301
20240707	15:48:27	993444e4-42f2-4570-bc23-3da062e9c4db	POST	/api/fragrances	http://localhost:8301
20240707	15:50:35	cee4a031-b5bb-440e-b0c0-9d7a69724db4	OPTIONS	/api/fragrances?page=1&limit=20	http://localhost:8301
20240707	15:50:35	ddab7549-4b54-4b64-96f0-06c33ba3ac31	GET	/api/fragrances?page=1&limit=20	http://localhost:8301
20240707	15:50:35	173b631e-bfda-47b5-86bc-ae4bf44431cb	OPTIONS	/api/fragrances?page=1&limit=20	http://localhost:8301
20240707	15:50:35	6e099eca-a26a-42b8-a221-58a4a6c5f4b5	GET	/api/fragrances?page=1&limit=20	http://localhost:8301
20240707	15:50:43	eeea3af1-cb66-45c5-9387-6aeffca3fc86	OPTIONS	/api/fragrances	http://localhost:8301
20240707	15:50:43	43885d92-c548-4f20-b604-26abcc1ab455	POST	/api/fragrances	http://localhost:8301
20240707	15:50:49	1e72dcdb-c02b-4016-99f0-360f062cd71d	OPTIONS	/api/fragrances/668b0c5a13f8a0be9833b2ef	http://localhost:8301
20240707	15:50:49	e2b9df9e-b407-4006-8329-3006ac12aba5	PATCH	/api/fragrances/668b0c5a13f8a0be9833b2ef	http://localhost:8301
20240707	15:51:04	c4f7840b-d878-4a3c-95a9-e7deca1d2042	OPTIONS	/api/fragrances?page=1&limit=20	http://localhost:8301
20240707	15:51:04	99a20f43-ad1b-4a19-a5dc-3e87265e4600	OPTIONS	/api/fragrances?page=1&limit=20	http://localhost:8301
20240707	15:51:04	b521102a-279f-4a79-bc86-419cd14bb96c	GET	/api/fragrances?page=1&limit=20	http://localhost:8301
20240707	15:51:04	cd7b3416-f5b9-4523-a2d0-525cca68b4ca	GET	/api/fragrances?page=1&limit=20	http://localhost:8301
20240707	15:51:13	b1a207d0-a59a-4a32-96df-0851248af700	OPTIONS	/api/fragrances/668b0c5a13f8a0be9833b2ef	http://localhost:8301
20240707	15:51:13	49732aa8-9834-49da-91a1-27d961717ef2	PATCH	/api/fragrances/668b0c5a13f8a0be9833b2ef	http://localhost:8301
20240707	15:51:19	5ea39f9e-d07b-499d-862d-5b8b0609e1ee	OPTIONS	/api/fragrances/668b0c5a13f8a0be9833b2ef	http://localhost:8301
20240707	15:51:19	19ddd87d-1cb4-4b6e-8aab-c6095f1ae667	PATCH	/api/fragrances/668b0c5a13f8a0be9833b2ef	http://localhost:8301
20240707	15:51:24	6d7d2dd1-0824-4ea1-80b4-c03c17af3c96	OPTIONS	/api/fragrances/668b096113f8a0be9833b2b0	http://localhost:8301
20240707	15:51:24	b6d87dbb-2d49-4c77-8f62-bdf65a0aa17a	PATCH	/api/fragrances/668b096113f8a0be9833b2b0	http://localhost:8301
20240707	15:51:30	435c1f6d-f3f1-42d5-811a-76a1d83aeed9	OPTIONS	/api/fragrances/668b0c5613f8a0be9833b2ec	http://localhost:8301
20240707	15:51:30	14fe55e9-9231-461b-aa7f-84c0ce658c65	PATCH	/api/fragrances/668b0c5613f8a0be9833b2ec	http://localhost:8301
20240707	15:57:36	86889c2b-6835-4f58-8f71-8279e18c6a65	OPTIONS	/api/fragrances?page=1&limit=20	http://localhost:8301
20240707	15:57:36	48edc0ce-72a8-43cd-be80-172f0ecad623	OPTIONS	/api/fragrances?page=1&limit=20	http://localhost:8301
20240707	15:57:36	5b4c671e-04b9-4b9d-ae2e-70b7af8dacf8	GET	/api/fragrances?page=1&limit=20	http://localhost:8301
20240707	15:57:36	df369a96-f8b4-4e51-867a-29428c8c8714	OPTIONS	/api/fragrances?page=1&limit=20	http://localhost:8301
20240707	15:57:36	02a0a428-0e2a-465b-a2f3-97e3ddc6e99b	OPTIONS	/api/fragrances?page=1&limit=20	http://localhost:8301
20240707	15:57:36	b3829cf1-5a10-4ed6-bbb2-6797bb8eb8e7	GET	/api/fragrances?page=1&limit=20	http://localhost:8301
20240707	15:57:36	15854f50-b971-48a9-a6ff-5553191566c3	GET	/api/fragrances?page=1&limit=20	http://localhost:8301
20240707	15:57:36	5cdd9868-d1c2-42dd-9ae3-c783755a649e	GET	/api/fragrances?page=1&limit=20	http://localhost:8301
20240707	16:09:43	c43f9ac6-fb1c-44f1-a4bb-a378f9bfaefe	OPTIONS	/api/fragrances?page=1&limit=20	http://localhost:8301
20240707	16:09:43	fd9e1170-1f7c-457c-ab1c-e28d2b2c1d24	OPTIONS	/api/fragrances?page=1&limit=20	http://localhost:8301
20240707	16:09:43	ef6ae2f7-a163-4d4b-b913-3e7239c36ffe	GET	/api/fragrances?page=1&limit=20	http://localhost:8301
20240707	16:09:43	3f95fce7-6c28-41d5-bccf-938d4a5b5b43	OPTIONS	/api/fragrances?page=1&limit=20	http://localhost:8301
20240707	16:09:43	f22b8e1a-2b7e-469b-a476-34b6169dbfa5	OPTIONS	/api/fragrances?page=1&limit=20	http://localhost:8301
20240707	16:09:43	10687cce-cff2-4ea8-96ef-f642e50f51b2	GET	/api/fragrances?page=1&limit=20	http://localhost:8301
20240707	16:09:43	3cedef41-3235-4b4a-afe8-fbf40e85cf53	GET	/api/fragrances?page=1&limit=20	http://localhost:8301
20240707	16:09:43	db8762f4-47a2-4818-971f-ed4b701cb415	GET	/api/fragrances?page=1&limit=20	http://localhost:8301
20240707	16:10:35	b20044a7-4ac8-445c-8635-3e042de18df3	OPTIONS	/api/fragrances?page=1&limit=20	http://localhost:8301
20240707	16:10:35	a2aee917-cbee-4fbb-98db-e361b275e508	GET	/api/fragrances?page=1&limit=20	http://localhost:8301
20240707	16:10:35	47c7cdb2-04f4-4d0e-a924-7bafb793d18e	OPTIONS	/api/fragrances?page=1&limit=20	http://localhost:8301
20240707	16:10:35	3cf8f885-1f6c-4c5a-a7c8-9ec30b0a8429	OPTIONS	/api/fragrances?page=1&limit=20	http://localhost:8301
20240707	16:10:35	d59b5df2-05c8-45cd-8744-577e3a3c0d00	OPTIONS	/api/fragrances?page=1&limit=20	http://localhost:8301
20240707	16:10:35	0ccb9757-0def-4df0-bb77-4b1707c64f29	GET	/api/fragrances?page=1&limit=20	http://localhost:8301
20240707	16:10:35	e3401edc-6f71-4829-81a2-17d037f7829a	GET	/api/fragrances?page=1&limit=20	http://localhost:8301
20240707	16:10:35	fb9cfb2f-1adc-426f-8af0-04b15ec3e7dc	GET	/api/fragrances?page=1&limit=20	http://localhost:8301
20240707	16:16:56	84ae3a8b-177e-43b8-929f-7f7ab559a898	OPTIONS	/api/fragrances?page=1&limit=20	http://localhost:8301
20240707	16:16:56	97931db9-97d9-408a-994a-8efd2bdb53fe	OPTIONS	/api/fragrances?page=1&limit=20	http://localhost:8301
20240707	16:16:56	2ec2dbb6-4550-4f4d-8a25-c48faa04927c	OPTIONS	/api/fragrances?page=1&limit=20	http://localhost:8301
20240707	16:16:56	021909f6-f50c-4f95-88c5-49030416c902	GET	/api/fragrances?page=1&limit=20	http://localhost:8301
20240707	16:16:56	43abeffb-68b2-48ed-b03a-f27d9f96b02d	OPTIONS	/api/fragrances?page=1&limit=20	http://localhost:8301
20240707	16:16:56	f04fbf8f-e807-429a-824f-c81c084b075c	GET	/api/fragrances?page=1&limit=20	http://localhost:8301
20240707	16:16:56	df282b5c-4e5a-4507-b842-47722705abde	GET	/api/fragrances?page=1&limit=20	http://localhost:8301
20240707	16:16:56	d4d0bdc8-37e3-4e57-b7d3-c26ce8c299c5	GET	/api/fragrances?page=1&limit=20	http://localhost:8301
20240707	16:20:44	54df91ad-5331-4dfa-9e75-cbddf3f15908	OPTIONS	/api/fragrances?page=1&limit=20	http://localhost:8301
20240707	16:20:44	f9f24a29-7d4e-45ea-884e-34ba49b5ee46	OPTIONS	/api/fragrances?page=1&limit=20	http://localhost:8301
20240707	16:20:44	dd2fdf45-7b4b-49ae-927c-dfb898216cc1	GET	/api/fragrances?page=1&limit=20	http://localhost:8301
20240707	16:20:44	fa5e3e79-88ea-4f45-b7d0-90491ef9cfc1	GET	/api/fragrances?page=1&limit=20	http://localhost:8301
20240707	16:21:48	a4575365-3457-450d-be80-8acc7d30b074	OPTIONS	/api/fragrances?page=1&limit=20	http://localhost:8301
20240707	16:21:48	ac710e34-b050-4585-942a-892306b5176e	OPTIONS	/api/fragrances?page=1&limit=20	http://localhost:8301
20240707	16:21:48	952f4b21-c9d4-42c2-8e50-e51b723cbeaf	GET	/api/fragrances?page=1&limit=20	http://localhost:8301
20240707	16:21:48	b5204540-d1d4-4d3d-b8ab-807b079092a0	OPTIONS	/api/fragrances?page=1&limit=20	http://localhost:8301
20240707	16:21:48	ff10b629-2690-4385-898c-e20cb2c49125	OPTIONS	/api/fragrances?page=1&limit=20	http://localhost:8301
20240707	16:21:48	912dbf31-55f5-4790-a38d-80dc3da17d02	GET	/api/fragrances?page=1&limit=20	http://localhost:8301
20240707	16:21:48	b15221af-1205-4d25-99d1-cb9bf545a90b	GET	/api/fragrances?page=1&limit=20	http://localhost:8301
20240707	16:21:48	1e21bc3e-c8c1-4e0e-b8c6-5d48123d2843	GET	/api/fragrances?page=1&limit=20	http://localhost:8301
20240707	16:26:12	0a8629dd-e56c-46a2-8e2b-47d187b25e7f	OPTIONS	/api/fragrances?page=1&limit=20	http://localhost:8301
20240707	16:26:12	841fd17f-7c0e-4e1f-9829-42c263ca2ab5	OPTIONS	/api/fragrances?page=1&limit=20	http://localhost:8301
20240707	16:26:12	7227eca9-2da8-4156-b2d2-68c029e0a421	GET	/api/fragrances?page=1&limit=20	http://localhost:8301
20240707	16:26:12	fff8048d-b656-442f-8c09-8373ef9cebbb	GET	/api/fragrances?page=1&limit=20	http://localhost:8301
20240707	16:26:45	124f7d6b-d343-413e-b9a5-7ebfba7b3c87	OPTIONS	/api/fragrances?page=1&limit=20	http://localhost:8301
20240707	16:26:45	1a537c01-526e-4cf9-9f66-e8ac72c86caa	OPTIONS	/api/fragrances?page=1&limit=20	http://localhost:8301
20240707	16:26:45	c3d17b89-0067-4df8-a222-7e16a6a20daa	GET	/api/fragrances?page=1&limit=20	http://localhost:8301
20240707	16:26:45	4946f32d-63ca-4d13-8116-c9fa1f99c80e	GET	/api/fragrances?page=1&limit=20	http://localhost:8301
20240707	16:27:46	08f10233-4513-4664-8db1-5c79aa7224bd	OPTIONS	/api/fragrances?page=1&limit=20	http://localhost:8301
20240707	16:27:46	4633a1ac-6615-4c41-af9a-3ce160d37b13	OPTIONS	/api/fragrances?page=1&limit=20	http://localhost:8301
20240707	16:27:46	8bdd63e3-3690-4c15-a53b-2cd2d567a7a0	GET	/api/fragrances?page=1&limit=20	http://localhost:8301
20240707	16:27:46	60d97515-11ea-4a90-be79-5adf0061f6b6	GET	/api/fragrances?page=1&limit=20	http://localhost:8301
20240707	16:28:06	78491bc9-0d80-4bda-9797-eed8a8abdfa6	OPTIONS	/api/fragrances?page=1&limit=20	http://localhost:8301
20240707	16:28:06	43ae9635-1853-464e-b880-74b66091da5b	OPTIONS	/api/fragrances?page=1&limit=20	http://localhost:8301
20240707	16:28:06	a68bd0d6-13bf-4698-aaa7-b02aa1a66e68	GET	/api/fragrances?page=1&limit=20	http://localhost:8301
20240707	16:28:06	adc6b8e5-1678-40c9-90af-4a060f8a4548	GET	/api/fragrances?page=1&limit=20	http://localhost:8301
20240707	16:28:17	22e8f9e5-3cc3-4a30-b6f2-b757260bf218	OPTIONS	/api/fragrances?page=1&limit=20	http://localhost:8301
20240707	16:28:17	fd7a0932-a0c6-4b41-aa8c-c81b70ee361d	OPTIONS	/api/fragrances?page=1&limit=20	http://localhost:8301
20240707	16:28:17	f0434dab-7786-444e-8b57-0677c110443d	GET	/api/fragrances?page=1&limit=20	http://localhost:8301
20240707	16:28:17	ab245b61-d629-4996-a48f-03f1fb7006b1	GET	/api/fragrances?page=1&limit=20	http://localhost:8301
20240707	16:28:27	15c098f1-a8f1-4c50-affe-a8816dcd3747	OPTIONS	/api/fragrances?page=1&limit=20	http://localhost:8301
20240707	16:28:27	2146e1ed-95a4-4be7-94e5-cbd1a6f20f9e	OPTIONS	/api/fragrances?page=1&limit=20	http://localhost:8301
20240707	16:28:27	65e03b97-9279-4a9b-8b2e-33ca471f29de	GET	/api/fragrances?page=1&limit=20	http://localhost:8301
20240707	16:28:27	bee2e842-a1c0-4c4f-ad06-f996fd18d9d7	GET	/api/fragrances?page=1&limit=20	http://localhost:8301
20240707	16:30:21	00dc98d0-6b53-4495-a500-6855dfb4a07a	OPTIONS	/api/fragrances?page=1&limit=20	http://localhost:8301
20240707	16:30:21	af7346db-9552-4473-ac67-cf7fa768648d	OPTIONS	/api/fragrances?page=1&limit=20	http://localhost:8301
20240707	16:30:21	47cb58ae-954e-452f-b444-f46c0c0d921d	GET	/api/fragrances?page=1&limit=20	http://localhost:8301
20240707	16:30:21	fbab82d7-4fb5-44fd-9a3b-55d8453691be	OPTIONS	/api/fragrances?page=1&limit=20	http://localhost:8301
20240707	16:30:21	94b58b09-1c7a-43f6-9807-591770c5485a	OPTIONS	/api/fragrances?page=1&limit=20	http://localhost:8301
20240707	16:30:21	f44ca159-d07b-41c7-b3b9-abb858793cf2	GET	/api/fragrances?page=1&limit=20	http://localhost:8301
20240707	16:30:21	2da45eba-f470-4c98-a9ea-8d14d5ec10ab	GET	/api/fragrances?page=1&limit=20	http://localhost:8301
20240707	16:30:22	9e998837-8b80-46d8-b235-74d22b52220a	GET	/api/fragrances?page=1&limit=20	http://localhost:8301
20240707	16:30:49	aeaf3444-7861-4f08-9544-c6a53cef3a0f	OPTIONS	/api/fragrances?page=1&limit=20	http://localhost:8301
20240707	16:30:49	31e68c7f-fd2d-46ae-a290-a8a8e55ad667	OPTIONS	/api/fragrances?page=1&limit=20	http://localhost:8301
20240707	16:30:49	6a7a78ed-973e-44a5-9f2d-c888fcb98a0d	GET	/api/fragrances?page=1&limit=20	http://localhost:8301
20240707	16:30:49	834a1af1-23ea-4f7b-bf4b-12741e1ed303	OPTIONS	/api/fragrances?page=1&limit=20	http://localhost:8301
20240707	16:30:49	9c49d00a-5f34-4397-bd35-7ae9c379cc62	OPTIONS	/api/fragrances?page=1&limit=20	http://localhost:8301
20240707	16:30:49	ffa1233a-aad0-4690-ae43-4c6c27518f7d	GET	/api/fragrances?page=1&limit=20	http://localhost:8301
20240707	16:30:49	719ee667-8763-4fe6-b895-362f742e1bcd	GET	/api/fragrances?page=1&limit=20	http://localhost:8301
20240707	16:30:50	7432e8b3-6d19-461a-a51b-6b9766c27333	GET	/api/fragrances?page=1&limit=20	http://localhost:8301
20240707	16:33:12	d84141c8-5e7b-4bc9-ab82-ea182c45e8ec	OPTIONS	/api/fragrances?page=1&limit=20	http://localhost:8301
20240707	16:33:12	0f110ed8-7c46-4b2f-a348-14f1547da15e	OPTIONS	/api/fragrances?page=1&limit=20	http://localhost:8301
20240707	16:33:12	9147c49d-7563-4c15-b905-1704d7264b44	OPTIONS	/api/fragrances?page=1&limit=20	http://localhost:8301
20240707	16:33:12	542983e7-2829-4bf3-a4f5-9ba0b17bcdb4	OPTIONS	/api/fragrances?page=1&limit=20	http://localhost:8301
20240707	16:33:12	787def56-1501-45be-a24c-59eb76ba42ba	GET	/api/fragrances?page=1&limit=20	http://localhost:8301
20240707	16:33:12	4419cc01-3d3e-49cd-85a5-2f302aa59a73	GET	/api/fragrances?page=1&limit=20	http://localhost:8301
20240707	16:33:12	df898256-8287-4545-a840-ca5fabefb17f	GET	/api/fragrances?page=1&limit=20	http://localhost:8301
20240707	16:33:12	b8e169a3-aa60-4b1b-9d1d-c399852c7380	OPTIONS	/api/fragrances?page=1&limit=20	http://localhost:8301
20240707	16:33:12	0dc033d1-b4d6-4fba-971b-5315d9dac156	OPTIONS	/api/fragrances?page=1&limit=20	http://localhost:8301
20240707	16:33:12	244b6df3-d174-4c34-a5c2-1f78ebfa2d4c	OPTIONS	/api/fragrances?page=1&limit=20	http://localhost:8301
20240707	16:33:12	54b8fa4f-6842-4881-97fe-12f07d34b8b8	OPTIONS	/api/fragrances?page=1&limit=20	http://localhost:8301
20240707	16:33:12	d08d05dd-6c40-412f-b2cb-277e4e41c7fa	GET	/api/fragrances?page=1&limit=20	http://localhost:8301
20240707	16:33:13	3fc9609f-55f9-4428-b4d5-aab2e72bc4f1	GET	/api/fragrances?page=1&limit=20	http://localhost:8301
20240707	16:33:13	1337bf2d-f73d-4683-98d5-54ea03b515cc	GET	/api/fragrances?page=1&limit=20	http://localhost:8301
20240707	16:33:13	1b9f70a0-228e-4c6e-abc0-3dca48da35e1	GET	/api/fragrances?page=1&limit=20	http://localhost:8301
20240707	16:33:13	b33816d8-0039-4e91-adbf-8c19e5d3d6d2	GET	/api/fragrances?page=1&limit=20	http://localhost:8301
20240707	16:33:25	c2921dea-fc52-44bd-bef3-be6a04d7fd83	OPTIONS	/api/fragrances?page=1&limit=20	http://localhost:8301
20240707	16:33:25	1cd729aa-d6a8-46da-a5fe-fec31f3d4860	OPTIONS	/api/fragrances?page=1&limit=20	http://localhost:8301
20240707	16:33:25	6fbbfef4-1d63-407e-902e-bad662b1c52d	GET	/api/fragrances?page=1&limit=20	http://localhost:8301
20240707	16:33:25	035baf2c-8524-4fc0-a708-574349acfe21	GET	/api/fragrances?page=1&limit=20	http://localhost:8301
20240707	16:33:25	c9a75acf-9aae-423c-9aaf-3f1be7fbafb8	OPTIONS	/api/fragrances?page=1&limit=20	http://localhost:8301
20240707	16:33:25	8b13b67b-e8e5-4d06-893f-a9f8030c1ccd	OPTIONS	/api/fragrances?page=1&limit=20	http://localhost:8301
20240707	16:33:25	4f260b91-89ca-4ca4-8f6c-5582e908d787	GET	/api/fragrances?page=1&limit=20	http://localhost:8301
20240707	16:33:26	e834e906-e868-4d08-9053-73adcc7c6c85	GET	/api/fragrances?page=1&limit=20	http://localhost:8301
